# JRE version: OpenJDK Runtime Environment (21.0.7) (build 21.0.7+-13880790-b1038.58)
# Java VM: OpenJDK 64-Bit Server VM (21.0.7+-13880790-b1038.58, mixed mode, tiered, compressed oops, compressed class ptrs, g1 gc, windows-amd64)
GC Precious Log:
 CardTable entry size: 512
 Card Set container configuration: InlinePtr #cards 5 size 8 Array Of Cards #cards 12 size 40 Howl #buckets 4 coarsen threshold 1843 Howl Bitmap #cards 512 size 80 coarsen threshold 460 Card regions per heap region 1 cards per card region 2048
 CPUs: 8 total, 8 available
 Memory: 8039M
 Large Page Support: Disabled
 NUMA Support: Disabled
 Compressed Oops: Enabled (32-bit)
 Heap Region Size: 1M
 Heap Min Capacity: 8M
 Heap Initial Capacity: 126M
 Heap Max Capacity: 2G
 Pre-touch: Disabled
 Parallel Workers: 8
 Concurrent Workers: 2
 Concurrent Refinement Workers: 8
 Periodic GC: Disabled
Heap:
 garbage-first heap   total 422912K, used 369152K [0x0000000080000000, 0x0000000100000000)
  region size 1024K, 5 young (5120K), 5 survivors (5120K)
 Metaspace       used 159044K, committed 161472K, reserved 1245184K
  class space    used 21073K, committed 22272K, reserved 1048576K
GC Heap History (20 events):
Event: 534.894 GC heap after
{Heap after GC invocations=76 (full 0):
 garbage-first heap   total 320512K, used 199607K [0x0000000080000000, 0x0000000100000000)
  region size 1024K, 8 young (8192K), 8 survivors (8192K)
 Metaspace       used 145552K, committed 147904K, reserved 1179648K
  class space    used 19267K, committed 20416K, reserved 1048576K
}
Event: 536.152 GC heap before
{Heap before GC invocations=76 (full 0):
 garbage-first heap   total 320512K, used 278455K [0x0000000080000000, 0x0000000100000000)
  region size 1024K, 86 young (88064K), 8 survivors (8192K)
 Metaspace       used 149057K, committed 151488K, reserved 1245184K
  class space    used 19587K, committed 20800K, reserved 1048576K
}
Event: 536.163 GC heap after
{Heap after GC invocations=77 (full 0):
 garbage-first heap   total 320512K, used 201480K [0x0000000080000000, 0x0000000100000000)
  region size 1024K, 4 young (4096K), 4 survivors (4096K)
 Metaspace       used 149057K, committed 151488K, reserved 1245184K
  class space    used 19587K, committed 20800K, reserved 1048576K
}
Event: 538.106 GC heap before
{Heap before GC invocations=78 (full 0):
 garbage-first heap   total 331776K, used 279304K [0x0000000080000000, 0x0000000100000000)
  region size 1024K, 84 young (86016K), 4 survivors (4096K)
 Metaspace       used 149690K, committed 152128K, reserved 1245184K
  class space    used 19631K, committed 20864K, reserved 1048576K
}
Event: 538.116 GC heap after
{Heap after GC invocations=79 (full 0):
 garbage-first heap   total 331776K, used 202046K [0x0000000080000000, 0x0000000100000000)
  region size 1024K, 8 young (8192K), 8 survivors (8192K)
 Metaspace       used 149690K, committed 152128K, reserved 1245184K
  class space    used 19631K, committed 20864K, reserved 1048576K
}
Event: 540.558 GC heap before
{Heap before GC invocations=79 (full 0):
 garbage-first heap   total 331776K, used 292158K [0x0000000080000000, 0x0000000100000000)
  region size 1024K, 97 young (99328K), 8 survivors (8192K)
 Metaspace       used 151717K, committed 154176K, reserved 1245184K
  class space    used 19847K, committed 21056K, reserved 1048576K
}
Event: 540.593 GC heap after
{Heap after GC invocations=80 (full 0):
 garbage-first heap   total 331776K, used 181667K [0x0000000080000000, 0x0000000100000000)
  region size 1024K, 11 young (11264K), 11 survivors (11264K)
 Metaspace       used 151717K, committed 154176K, reserved 1245184K
  class space    used 19847K, committed 21056K, reserved 1048576K
}
Event: 542.081 GC heap before
{Heap before GC invocations=80 (full 0):
 garbage-first heap   total 334848K, used 333219K [0x0000000080000000, 0x0000000100000000)
  region size 1024K, 90 young (92160K), 11 survivors (11264K)
 Metaspace       used 155691K, committed 158080K, reserved 1245184K
  class space    used 20422K, committed 21632K, reserved 1048576K
}
Event: 542.126 GC heap after
{Heap after GC invocations=81 (full 0):
 garbage-first heap   total 373760K, used 237925K [0x0000000080000000, 0x0000000100000000)
  region size 1024K, 15 young (15360K), 15 survivors (15360K)
 Metaspace       used 155691K, committed 158080K, reserved 1245184K
  class space    used 20422K, committed 21632K, reserved 1048576K
}
Event: 543.107 GC heap before
{Heap before GC invocations=81 (full 0):
 garbage-first heap   total 373760K, used 270693K [0x0000000080000000, 0x0000000100000000)
  region size 1024K, 48 young (49152K), 15 survivors (15360K)
 Metaspace       used 156038K, committed 158464K, reserved 1245184K
  class space    used 20467K, committed 21696K, reserved 1048576K
}
Event: 543.142 GC heap after
{Heap after GC invocations=82 (full 0):
 garbage-first heap   total 373760K, used 251990K [0x0000000080000000, 0x0000000100000000)
  region size 1024K, 13 young (13312K), 13 survivors (13312K)
 Metaspace       used 156038K, committed 158464K, reserved 1245184K
  class space    used 20467K, committed 21696K, reserved 1048576K
}
Event: 544.688 GC heap before
{Heap before GC invocations=83 (full 0):
 garbage-first heap   total 419840K, used 333910K [0x0000000080000000, 0x0000000100000000)
  region size 1024K, 91 young (93184K), 13 survivors (13312K)
 Metaspace       used 158706K, committed 161088K, reserved 1245184K
  class space    used 21062K, committed 22272K, reserved 1048576K
}
Event: 544.735 GC heap after
{Heap after GC invocations=84 (full 0):
 garbage-first heap   total 419840K, used 278906K [0x0000000080000000, 0x0000000100000000)
  region size 1024K, 12 young (12288K), 12 survivors (12288K)
 Metaspace       used 158706K, committed 161088K, reserved 1245184K
  class space    used 21062K, committed 22272K, reserved 1048576K
}
Event: 545.229 GC heap before
{Heap before GC invocations=84 (full 0):
 garbage-first heap   total 419840K, used 362874K [0x0000000080000000, 0x0000000100000000)
  region size 1024K, 95 young (97280K), 12 survivors (12288K)
 Metaspace       used 158973K, committed 161408K, reserved 1245184K
  class space    used 21072K, committed 22272K, reserved 1048576K
}
Event: 545.306 GC heap after
{Heap after GC invocations=85 (full 0):
 garbage-first heap   total 422912K, used 296960K [0x0000000080000000, 0x0000000100000000)
  region size 1024K, 12 young (12288K), 12 survivors (12288K)
 Metaspace       used 158973K, committed 161408K, reserved 1245184K
  class space    used 21072K, committed 22272K, reserved 1048576K
}
Event: 545.629 GC heap before
{Heap before GC invocations=85 (full 0):
 garbage-first heap   total 422912K, used 364544K [0x0000000080000000, 0x0000000100000000)
  region size 1024K, 78 young (79872K), 12 survivors (12288K)
 Metaspace       used 159019K, committed 161472K, reserved 1245184K
  class space    used 21073K, committed 22272K, reserved 1048576K
}
Event: 545.722 GC heap after
{Heap after GC invocations=86 (full 0):
 garbage-first heap   total 422912K, used 330240K [0x0000000080000000, 0x0000000100000000)
  region size 1024K, 10 young (10240K), 10 survivors (10240K)
 Metaspace       used 159019K, committed 161472K, reserved 1245184K
  class space    used 21073K, committed 22272K, reserved 1048576K
}
Event: 546.033 GC heap before
{Heap before GC invocations=86 (full 0):
 garbage-first heap   total 422912K, used 376320K [0x0000000080000000, 0x0000000100000000)
  region size 1024K, 55 young (56320K), 10 survivors (10240K)
 Metaspace       used 159038K, committed 161472K, reserved 1245184K
  class space    used 21073K, committed 22272K, reserved 1048576K
}
Event: 546.082 GC heap after
{Heap after GC invocations=87 (full 0):
 garbage-first heap   total 422912K, used 353280K [0x0000000080000000, 0x0000000100000000)
  region size 1024K, 7 young (7168K), 7 survivors (7168K)
 Metaspace       used 159038K, committed 161472K, reserved 1245184K
  class space    used 21073K, committed 22272K, reserved 1048576K
}
Event: 546.383 GC heap before
{Heap before GC invocations=87 (full 0):
 garbage-first heap   total 422912K, used 385024K [0x0000000080000000, 0x0000000100000000)
  region size 1024K, 39 young (39936K), 7 survivors (7168K)
 Metaspace       used 159044K, committed 161472K, reserved 1245184K
  class space    used 21073K, committed 22272K, reserved 1048576K
}

