# JRE version: OpenJDK Runtime Environment (21.0.7) (build 21.0.7+-13880790-b1038.58)
# Java VM: OpenJDK 64-Bit Server VM (21.0.7+-13880790-b1038.58, mixed mode, tiered, compressed oops, compressed class ptrs, g1 gc, windows-amd64)
GC Precious Log:
 CardTable entry size: 512
 Card Set container configuration: InlinePtr #cards 5 size 8 Array Of Cards #cards 12 size 40 Howl #buckets 4 coarsen threshold 1843 Howl Bitmap #cards 512 size 80 coarsen threshold 460 Card regions per heap region 1 cards per card region 2048
 CPUs: 8 total, 8 available
 Memory: 8039M
 Large Page Support: Disabled
 NUMA Support: Disabled
 Compressed Oops: Enabled (32-bit)
 Heap Region Size: 1M
 Heap Min Capacity: 8M
 Heap Initial Capacity: 126M
 Heap Max Capacity: 2G
 Pre-touch: Disabled
 Parallel Workers: 8
 Concurrent Workers: 2
 Concurrent Refinement Workers: 8
 Periodic GC: Disabled
Heap:
 garbage-first heap   total 208896K, used 128009K [0x0000000080000000, 0x0000000100000000)
  region size 1024K, 9 young (9216K), 9 survivors (9216K)
 Metaspace       used 121211K, committed 123392K, reserved 1179648K
  class space    used 16595K, committed 17664K, reserved 1048576K
GC Heap History (20 events):
Event: 26.821 GC heap after
{Heap after GC invocations=38 (full 0):
 garbage-first heap   total 172032K, used 94636K [0x0000000080000000, 0x0000000100000000)
  region size 1024K, 5 young (5120K), 5 survivors (5120K)
 Metaspace       used 98607K, committed 100608K, reserved 1179648K
  class space    used 13523K, committed 14528K, reserved 1048576K
}
Event: 28.263 GC heap before
{Heap before GC invocations=38 (full 0):
 garbage-first heap   total 172032K, used 155052K [0x0000000080000000, 0x0000000100000000)
  region size 1024K, 64 young (65536K), 5 survivors (5120K)
 Metaspace       used 103057K, committed 105088K, reserved 1179648K
  class space    used 14216K, committed 15232K, reserved 1048576K
}
Event: 28.278 GC heap after
{Heap after GC invocations=39 (full 0):
 garbage-first heap   total 172032K, used 96189K [0x0000000080000000, 0x0000000100000000)
  region size 1024K, 5 young (5120K), 5 survivors (5120K)
 Metaspace       used 103057K, committed 105088K, reserved 1179648K
  class space    used 14216K, committed 15232K, reserved 1048576K
}
Event: 29.629 GC heap before
{Heap before GC invocations=39 (full 0):
 garbage-first heap   total 172032K, used 156605K [0x0000000080000000, 0x0000000100000000)
  region size 1024K, 64 young (65536K), 5 survivors (5120K)
 Metaspace       used 107939K, committed 110080K, reserved 1179648K
  class space    used 14921K, committed 16000K, reserved 1048576K
}
Event: 29.639 GC heap after
{Heap after GC invocations=40 (full 0):
 garbage-first heap   total 172032K, used 99359K [0x0000000080000000, 0x0000000100000000)
  region size 1024K, 8 young (8192K), 8 survivors (8192K)
 Metaspace       used 107939K, committed 110080K, reserved 1179648K
  class space    used 14921K, committed 16000K, reserved 1048576K
}
Event: 30.794 GC heap before
{Heap before GC invocations=41 (full 0):
 garbage-first heap   total 172032K, used 153631K [0x0000000080000000, 0x0000000100000000)
  region size 1024K, 61 young (62464K), 8 survivors (8192K)
 Metaspace       used 112061K, committed 114176K, reserved 1179648K
  class space    used 15525K, committed 16576K, reserved 1048576K
}
Event: 30.806 GC heap after
{Heap after GC invocations=42 (full 0):
 garbage-first heap   total 172032K, used 102746K [0x0000000080000000, 0x0000000100000000)
  region size 1024K, 7 young (7168K), 7 survivors (7168K)
 Metaspace       used 112061K, committed 114176K, reserved 1179648K
  class space    used 15525K, committed 16576K, reserved 1048576K
}
Event: 32.143 GC heap before
{Heap before GC invocations=42 (full 0):
 garbage-first heap   total 172032K, used 159066K [0x0000000080000000, 0x0000000100000000)
  region size 1024K, 58 young (59392K), 7 survivors (7168K)
 Metaspace       used 116848K, committed 119040K, reserved 1179648K
  class space    used 16044K, committed 17152K, reserved 1048576K
}
Event: 32.161 GC heap after
{Heap after GC invocations=43 (full 0):
 garbage-first heap   total 176128K, used 108923K [0x0000000080000000, 0x0000000100000000)
  region size 1024K, 8 young (8192K), 8 survivors (8192K)
 Metaspace       used 116848K, committed 119040K, reserved 1179648K
  class space    used 16044K, committed 17152K, reserved 1048576K
}
Event: 33.302 GC heap before
{Heap before GC invocations=43 (full 0):
 garbage-first heap   total 176128K, used 157051K [0x0000000080000000, 0x0000000100000000)
  region size 1024K, 55 young (56320K), 8 survivors (8192K)
 Metaspace       used 117288K, committed 119488K, reserved 1179648K
  class space    used 16069K, committed 17152K, reserved 1048576K
}
Event: 33.346 GC heap after
{Heap after GC invocations=44 (full 0):
 garbage-first heap   total 176128K, used 117760K [0x0000000080000000, 0x0000000100000000)
  region size 1024K, 7 young (7168K), 7 survivors (7168K)
 Metaspace       used 117288K, committed 119488K, reserved 1179648K
  class space    used 16069K, committed 17152K, reserved 1048576K
}
Event: 33.748 GC heap before
{Heap before GC invocations=45 (full 0):
 garbage-first heap   total 196608K, used 156672K [0x0000000080000000, 0x0000000100000000)
  region size 1024K, 46 young (47104K), 7 survivors (7168K)
 Metaspace       used 117300K, committed 119488K, reserved 1179648K
  class space    used 16070K, committed 17152K, reserved 1048576K
}
Event: 33.757 GC heap after
{Heap after GC invocations=46 (full 0):
 garbage-first heap   total 196608K, used 120510K [0x0000000080000000, 0x0000000100000000)
  region size 1024K, 4 young (4096K), 4 survivors (4096K)
 Metaspace       used 117300K, committed 119488K, reserved 1179648K
  class space    used 16070K, committed 17152K, reserved 1048576K
}
Event: 34.333 GC heap before
{Heap before GC invocations=46 (full 0):
 garbage-first heap   total 196608K, used 176830K [0x0000000080000000, 0x0000000100000000)
  region size 1024K, 60 young (61440K), 4 survivors (4096K)
 Metaspace       used 117843K, committed 119936K, reserved 1179648K
  class space    used 16172K, committed 17216K, reserved 1048576K
}
Event: 34.343 GC heap after
{Heap after GC invocations=47 (full 0):
 garbage-first heap   total 196608K, used 122166K [0x0000000080000000, 0x0000000100000000)
  region size 1024K, 7 young (7168K), 7 survivors (7168K)
 Metaspace       used 117843K, committed 119936K, reserved 1179648K
  class space    used 16172K, committed 17216K, reserved 1048576K
}
Event: 35.001 GC heap before
{Heap before GC invocations=47 (full 0):
 garbage-first heap   total 196608K, used 176438K [0x0000000080000000, 0x0000000100000000)
  region size 1024K, 61 young (62464K), 7 survivors (7168K)
 Metaspace       used 117970K, committed 120192K, reserved 1179648K
  class space    used 16184K, committed 17280K, reserved 1048576K
}
Event: 35.021 GC heap after
{Heap after GC invocations=48 (full 0):
 garbage-first heap   total 196608K, used 124894K [0x0000000080000000, 0x0000000100000000)
  region size 1024K, 5 young (5120K), 5 survivors (5120K)
 Metaspace       used 117970K, committed 120192K, reserved 1179648K
  class space    used 16184K, committed 17280K, reserved 1048576K
}
Event: 35.711 GC heap before
{Heap before GC invocations=49 (full 0):
 garbage-first heap   total 208896K, used 179166K [0x0000000080000000, 0x0000000100000000)
  region size 1024K, 59 young (60416K), 5 survivors (5120K)
 Metaspace       used 118185K, committed 120384K, reserved 1179648K
  class space    used 16213K, committed 17280K, reserved 1048576K
}
Event: 35.720 GC heap after
{Heap after GC invocations=50 (full 0):
 garbage-first heap   total 208896K, used 126581K [0x0000000080000000, 0x0000000100000000)
  region size 1024K, 5 young (5120K), 5 survivors (5120K)
 Metaspace       used 118185K, committed 120384K, reserved 1179648K
  class space    used 16213K, committed 17280K, reserved 1048576K
}
Event: 37.037 GC heap before
{Heap before GC invocations=50 (full 0):
 garbage-first heap   total 208896K, used 189045K [0x0000000080000000, 0x0000000100000000)
  region size 1024K, 67 young (68608K), 5 survivors (5120K)
 Metaspace       used 121211K, committed 123392K, reserved 1179648K
  class space    used 16595K, committed 17664K, reserved 1048576K
}

